<?xml version="1.0" encoding="UTF-8"?>
<!-- Generated by org.testng.reporters.JUnitReportReporter -->
<testsuite skipped="0" hostname="DESKTOP-NBQPCTP" name="Conflict.FLogin" tests="1" failures="0" timestamp="2021-03-31T13:56:11 IST" time="0.023" errors="0">
  <testcase name="openApp" time="0.023" classname="Conflict.FLogin"/>
  <system-out/>
</testsuite> <!-- Conflict.FLogin -->
