<?xml version="1.0" encoding="UTF-8"?>
<!-- Generated by org.testng.reporters.JUnitReportReporter -->
<testsuite skipped="0" hostname="DESKTOP-NBQPCTP" name="GitC.Contact" tests="1" failures="0" timestamp="2021-03-29T18:26:05 IST" time="0.005" errors="0">
  <testcase name="Loginlogout" time="0.005" classname="GitC.Contact"/>
  <system-out/>
</testsuite> <!-- GitC.Contact -->
