<?xml version="1.0" encoding="UTF-8"?>
<!-- Generated by org.testng.reporters.JUnitReportReporter -->
<testsuite skipped="0" hostname="DESKTOP-NBQPCTP" name="Conflict.ContacTest" tests="4" failures="0" timestamp="2021-03-29T18:26:40 IST" time="0.059" errors="0">
  <testcase name="LoginTest" time="0.031" classname="Conflict.ContacTest"/>
  <system-out/>
  <testcase name="Test" time="0.015" classname="Conflict.ContacTest"/>
  <system-out/>
  <testcase name="orgTest" time="0.006" classname="Conflict.ContacTest"/>
  <system-out/>
  <testcase name="Modify" time="0.007" classname="Conflict.ContacTest"/>
  <system-out/>
</testsuite> <!-- Conflict.ContacTest -->
