<?xml version="1.0" encoding="UTF-8"?>
<!-- Generated by org.testng.reporters.JUnitReportReporter -->
<testsuite skipped="0" hostname="DESKTOP-NBQPCTP" name="Conflict.ContactTest" tests="4" failures="0" timestamp="2021-03-27T10:56:49 IST" time="0.038" errors="0">
  <testcase name="createcontact" time="0.004" classname="Conflict.ContactTest"/>
  <system-out/>
  <testcase name="Modify" time="0.007" classname="Conflict.ContactTest"/>
  <system-out/>
  <testcase name="Login" time="0.024" classname="Conflict.ContactTest"/>
  <system-out/>
  <testcase name="Test" time="0.003" classname="Conflict.ContactTest"/>
  <system-out/>
</testsuite> <!-- Conflict.ContactTest -->
